<?xml version="1.0" encoding="UTF-8"?>
<testsuites name="jest tests" tests="8" failures="0" errors="0" time="1.285">
  <testsuite name="undefined" errors="0" failures="0" skipped="0" timestamp="2024-05-30T12:57:09" time="1.147" tests="8">
    <testcase classname=" should retrieve by steam appid" name=" should retrieve by steam appid" time="0.022">
    </testcase>
    <testcase classname=" should retrieve by game id" name=" should retrieve by game id" time="0.022">
    </testcase>
    <testcase classname=" should retrieve platform data" name=" should retrieve platform data" time="0.03">
    </testcase>
    <testcase classname=" should be searchable" name=" should be searchable" time="0.03">
    </testcase>
    <testcase classname=" should retrieve by steam appid" name=" should retrieve by steam appid" time="0.03">
    </testcase>
    <testcase classname=" should be filterable for style" name=" should be filterable for style" time="0.028">
    </testcase>
    <testcase classname=" should be filterable for nsfw" name=" should be filterable for nsfw" time="0.029">
    </testcase>
    <testcase classname=" should be deletable" name=" should be deletable" time="0.03">
    </testcase>
  </testsuite>
</testsuites>